2023-01-31 20:00:06: ls -a | grep proc
2023-01-31 20:04:05: ls
2023-01-31 20:07:55: ls -a | grep proc
2023-01-31 20:15:16: ls -a | grep proc
2023-01-31 20:23:20: ls -a | grep proc
2023-01-31 20:26:17: ls -a | grep proc
2023-01-31 20:27:24: ls -a | grep proc
2023-01-31 20:27:27: *
2023-01-31 20:27:59: ls -a | grep proc
2023-01-31 20:29:25: ls | grep proc
2023-01-31 20:32:12: ls | grep proc
2023-01-31 20:33:41: ls | grep proc
2023-01-31 20:34:05: ls | grep proc
2023-01-31 20:35:37: ls | grep proc
2023-01-31 20:36:56: ls | grep proc
2023-01-31 20:37:23: ls | grep proc
2023-01-31 20:39:01: ls
2023-01-31 20:39:55: ls | grep proc
2023-01-31 20:41:49: ls | grep pro
2023-01-31 20:51:30: cat main.c | grep main
2023-01-31 20:53:41: ls | crotte
2023-01-31 20:54:17: ez | ls
2023-01-31 20:54:26: ls | aa
2023-01-31 20:54:58: grep aa | lszfez
2023-01-31 20:55:11: ls | gzefzef
2023-01-31 20:55:19: zfe | ls
2023-01-31 20:56:12: ls | grep aa
2023-01-31 20:57:39: ls | grep proc
2023-01-31 21:00:16: cdcz | ls
2023-01-31 21:00:23: ls | reger
2023-01-31 21:03:56: ls | gre
2023-01-31 21:04:14: ls | gre
2023-01-31 21:04:21: gre | ls
2023-01-31 21:04:33: ls | grep proc
2023-01-31 21:05:18: ls | grep proc
2023-01-31 21:06:03: ls | grep proc
2023-01-31 21:06:06: ls
2023-01-31 21:06:13: ezfez  | ls
2023-01-31 21:06:22: fer | ls
2023-01-31 21:06:32: ls | eg
2023-01-31 21:09:00: ls | grep proc
2023-01-31 21:09:07: ls | caca
2023-01-31 21:09:13: caca | ls
2023-01-31 21:09:30: ls | caca
2023-01-31 21:09:35: caca | ls
2023-01-31 21:09:55: ls | cc
2023-01-31 21:10:02: ls | caca
2023-01-31 21:10:15: caca | ls
2023-01-31 21:10:55: ls | caa
2023-01-31 21:11:04: caca | ls
2023-01-31 21:11:43: ls | ccac$
2023-01-31 21:11:50: ezrgred | ls
2023-01-31 21:12:58: ls | erf
2023-01-31 21:13:02: erf | ls
2023-01-31 21:13:33: ls | grep proc
2023-01-31 21:13:49: ls | grep proc
2023-01-31 21:15:05: ls | grep proc
2023-01-31 21:15:07: ls
2023-01-31 21:15:11: ls
2023-01-31 21:15:53: ls | grep cc
2023-01-31 21:15:57: ls | grep proc
2023-01-31 21:16:01: ls
2023-01-31 21:16:05: ls
2023-01-31 21:16:54: ls | grep proc
2023-01-31 21:16:55: ls
2023-01-31 21:16:59: ls | caca
2023-01-31 21:17:05: caca | ls
2023-01-31 21:17:42: ls
2023-01-31 21:17:49: ls -a | grep proc
2023-01-31 21:17:54: ls | caca
2023-01-31 21:17:58: caca | ls
